C:\Program Files (x86)\Microsoft Visual Studio\2017\Community\Common7\IDE\VC\VCTargets\Microsoft.CppClean.targets(76,5): warning : Access to the path 'c:\users\tetcos-pc\desktop\pegasis_routing_in_wsn_v11.1\pegasis_workspace\bin\bin_x64\libdsr.dll' is denied.
C:\Program Files (x86)\Microsoft Visual Studio\2017\Community\Common7\IDE\VC\VCTargets\Microsoft.CppBuild.targets(377,5): warning MSB8004: Output Directory does not end with a trailing slash.  This build instance will add the slash as it is required to allow proper evaluation of the Output Directory.
  CheckRouteFound.c
  DSR.c
  MaintBuffer.c
  MATLAB_Interface.c
c:\program files (x86)\microsoft visual studio\2017\community\vc\tools\msvc\14.13.26128\include\stdbool.h(16): warning C4005: 'false': macro redefinition
  c:\program files\matlab\r2016a\extern\include\tmwtypes.h(761): note: see previous definition of 'false'
c:\program files (x86)\microsoft visual studio\2017\community\vc\tools\msvc\14.13.26128\include\stdbool.h(17): warning C4005: 'true': macro redefinition
  c:\program files\matlab\r2016a\extern\include\tmwtypes.h(764): note: see previous definition of 'true'
c:\users\tetcos-pc\desktop\pegasis_routing_in_wsn_v11.1\pegasis_workspace\src\simulation\include\main.h(212): warning C4005: 'printf': macro redefinition
  c:\program files\matlab\r2016a\extern\include\mex.h(190): note: see previous definition of 'printf'
c:\users\tetcos-pc\desktop\pegasis_routing_in_wsn_v11.1\pegasis_workspace\src\simulation\dsr\matlab_interface.c(47): warning C4018: '<': signed/unsigned mismatch
c:\users\tetcos-pc\desktop\pegasis_routing_in_wsn_v11.1\pegasis_workspace\src\simulation\dsr\matlab_interface.c(105): warning C4018: '<': signed/unsigned mismatch
c:\users\tetcos-pc\desktop\pegasis_routing_in_wsn_v11.1\pegasis_workspace\src\simulation\dsr\matlab_interface.c(109): warning C4244: '=': conversion from 'double' to 'int', possible loss of data
c:\users\tetcos-pc\desktop\pegasis_routing_in_wsn_v11.1\pegasis_workspace\src\simulation\dsr\matlab_interface.c(110): warning C4244: '=': conversion from 'double' to 'int', possible loss of data
c:\users\tetcos-pc\desktop\pegasis_routing_in_wsn_v11.1\pegasis_workspace\src\simulation\dsr\matlab_interface.c(145): warning C4013: 'fn_NetSim_PEGASIS_form_cluster' undefined; assuming extern returning int
  Network_Layer_Ack.c
  PacketProcessing.c
c:\users\tetcos-pc\desktop\pegasis_routing_in_wsn_v11.1\pegasis_workspace\src\simulation\dsr\packetprocessing.c(39): warning C4013: 'fn_NetSim_PEGASIS_run' undefined; assuming extern returning int
c:\users\tetcos-pc\desktop\pegasis_routing_in_wsn_v11.1\pegasis_workspace\src\simulation\dsr\packetprocessing.c(42): warning C4013: 'fn_NetSim_PEGASIS_GetNextHop' undefined; assuming extern returning int
  PEGASIS.c
c:\users\tetcos-pc\desktop\pegasis_routing_in_wsn_v11.1\pegasis_workspace\src\simulation\dsr\pegasis.c(65): warning C4013: 'fn_NetSim_PEGASIS_next_closest_node' undefined; assuming extern returning int
c:\users\tetcos-pc\desktop\pegasis_routing_in_wsn_v11.1\pegasis_workspace\src\simulation\dsr\pegasis.c(74): warning C4013: 'fn_NetSim_PEGASIS_run' undefined; assuming extern returning int
c:\users\tetcos-pc\desktop\pegasis_routing_in_wsn_v11.1\pegasis_workspace\src\simulation\dsr\pegasis.c(67): warning C4477: 'fprintf' : format string '%d' requires an argument of type 'int', but variadic argument 3 has type '__int64'
  c:\users\tetcos-pc\desktop\pegasis_routing_in_wsn_v11.1\pegasis_workspace\src\simulation\dsr\pegasis.c(67): note: consider using '%lld' in the format string
  c:\users\tetcos-pc\desktop\pegasis_routing_in_wsn_v11.1\pegasis_workspace\src\simulation\dsr\pegasis.c(67): note: consider using '%Id' in the format string
  c:\users\tetcos-pc\desktop\pegasis_routing_in_wsn_v11.1\pegasis_workspace\src\simulation\dsr\pegasis.c(67): note: consider using '%I64d' in the format string
c:\users\tetcos-pc\desktop\pegasis_routing_in_wsn_v11.1\pegasis_workspace\src\simulation\dsr\pegasis.c(48): warning C4101: 'i': unreferenced local variable
c:\users\tetcos-pc\desktop\pegasis_routing_in_wsn_v11.1\pegasis_workspace\src\simulation\dsr\pegasis.c(47): warning C4101: 'nInterface': unreferenced local variable
c:\users\tetcos-pc\desktop\pegasis_routing_in_wsn_v11.1\pegasis_workspace\src\simulation\dsr\pegasis.c(49): warning C4101: 'ClusterId': unreferenced local variable
c:\users\tetcos-pc\desktop\pegasis_routing_in_wsn_v11.1\pegasis_workspace\src\simulation\dsr\pegasis.c(116): warning C4018: '<': signed/unsigned mismatch
  RouteCache.c
  RouteError.c
  RouteReply.c
  RouteRequest.c
  SendBuffer.c
  SourceRoute.c
c:\users\tetcos-pc\desktop\pegasis_routing_in_wsn_v11.1\pegasis_workspace\src\simulation\dsr\sourceroute.c(64): warning C4013: 'fn_NetSim_PEGASIS_CheckDestination' undefined; assuming extern returning int
  Generating Code...
C:\Program Files (x86)\Microsoft Visual Studio\2017\Community\Common7\IDE\VC\VCTargets\Microsoft.CppBuild.targets(1202,5): warning MSB8012: TargetPath(C:\Users\TETCOS-PC\Desktop\PEGASIS_Routing_in_WSN_v11.1\PEGASIS_Workspace\src\Simulation\DSR\..\..\..\bin\bin_x64\DSR.dll) does not match the Linker's OutputFile property value (C:\Users\TETCOS-PC\Desktop\PEGASIS_Routing_in_WSN_v11.1\PEGASIS_Workspace\bin\bin_x64\libDSR.dll). This may cause your project to build incorrectly. To correct this, please make sure that $(OutDir), $(TargetName) and $(TargetExt) property values match the value specified in %(Link.OutputFile).
C:\Program Files (x86)\Microsoft Visual Studio\2017\Community\Common7\IDE\VC\VCTargets\Microsoft.CppBuild.targets(1204,5): warning MSB8012: TargetName(DSR) does not match the Linker's OutputFile property value (libDSR). This may cause your project to build incorrectly. To correct this, please make sure that $(OutDir), $(TargetName) and $(TargetExt) property values match the value specified in %(Link.OutputFile).
CheckRouteFound.obj : warning LNK4075: ignoring '/EDITANDCONTINUE' due to '/INCREMENTAL:NO' specification
  List.lib(List.obj) : MSIL .netmodule or module compiled with /GL found; restarting link with /LTCG; add /LTCG to the link command line to improve linker performance
CheckRouteFound.obj : warning LNK4075: ignoring '/EDITANDCONTINUE' due to '/INCREMENTAL:NO' specification
     Creating library ..\..\..\bin\bin_x64\DSR.lib and object ..\..\..\bin\bin_x64\DSR.exp
LINK : warning LNK4098: defaultlib 'MSVCRT' conflicts with use of other libs; use /NODEFAULTLIB:library
  Generating code
  Finished generating code
List.lib(List.obj) : warning LNK4099: PDB 'List.pdb' was not found with 'List.lib(List.obj)' or at 'C:\Users\TETCOS-PC\Desktop\PEGASIS_Routing_in_WSN_v11.1\PEGASIS_Workspace\bin\bin_x64\List.pdb'; linking object as if no debug info
DSR.lib(DSR.obj) : warning LNK4099: PDB 'DSRLib.pdb' was not found with 'DSR.lib(DSR.obj)' or at 'C:\Users\TETCOS-PC\Desktop\PEGASIS_Routing_in_WSN_v11.1\PEGASIS_Workspace\bin\bin_x64\DSRLib.pdb'; linking object as if no debug info
DSR.lib(LinkLayerAck.obj) : warning LNK4099: PDB 'DSRLib.pdb' was not found with 'DSR.lib(LinkLayerAck.obj)' or at 'C:\Users\TETCOS-PC\Desktop\PEGASIS_Routing_in_WSN_v11.1\PEGASIS_Workspace\bin\bin_x64\DSRLib.pdb'; linking object as if no debug info
  DSR.vcxproj -> C:\Users\TETCOS-PC\Desktop\PEGASIS_Routing_in_WSN_v11.1\PEGASIS_Workspace\src\Simulation\DSR\..\..\..\bin\bin_x64\DSR.dll
